Arguments: 
  C:\Program Files\nodejs\node.exe C:\Users\Tuan Nguyen\AppData\Local\node\corepack\yarn\1.22.19\bin\yarn.js

PATH: 
  C:\Program Files\Common Files\Oracle\Java\javapath;C:\Windows\system32;C:\Windows;C:\Windows\System32\Wbem;C:\Windows\System32\WindowsPowerShell\v1.0\;C:\Windows\System32\OpenSSH\;C:\Program Files\nodejs\;C:\Program Files\Java\jdk-17.0.5;B:\Git\cmd;C:\Program Files\MySQL\MySQL Server 8.0\bin;C:\Program Files\Cloudflare\Cloudflare WARP\;C:\ProgramData\chocolatey\bin;C:\src\flutter\bin;C:\Users\Tuan Nguyen\AppData\Local\Android\Sdk\platforms;C:\Users\Tuan Nguyen\AppData\Local\Android\Sdk\platform-tools;C:\Program Files\MySQL\MySQL Shell 8.0\bin\;C:\Users\Tuan Nguyen\AppData\Local\Microsoft\WindowsApps;C:\Users\Tuan Nguyen\AppData\Local\Programs\Microsoft VS Code\bin;C:\Users\Tuan Nguyen\AppData\Roaming\npm;C:\Users\Tuan Nguyen\AppData\Local\GitHubDesktop\bin;B:\mongosh\;C:\tools\dart-sdk\bin;C:\Users\Tuan Nguyen\AppData\Roaming\Pub\Cache\bin;C:\Program Files\Android\Android Studio\jre\bin;C:\Users\Tuan Nguyen\AppData\Local\Pub\Cache\bin

Yarn version: 
  1.22.19

Node version: 
  18.13.0

Platform: 
  win32 x64

Trace: 
  Error: EPERM: operation not permitted, copyfile 'C:\Users\Tuan Nguyen\AppData\Local\Yarn\Cache\v6\npm-@gorhom-bottom-sheet-4.4.7-fc80b3f0b7ebab056ce226f3aa3a89b2db8660dd-integrity\node_modules\@gorhom\bottom-sheet\src\index.ts' -> 'B:\FPT\K8\MMA\project-mma\node_modules\@gorhom\bottom-sheet\src\index.ts'

npm manifest: 
  {
    "name": "project-mma",
    "version": "1.0.0",
    "main": "node_modules/expo/AppEntry.js",
    "scripts": {
      "start": "expo start",
      "android": "expo start --android",
      "ios": "expo start --ios",
      "web": "expo start --web"
    },
    "dependencies": {
      "expo": "~48.0.18",
      "expo-status-bar": "~1.4.4",
      "react": "18.2.0",
      "react-native": "0.71.8",
      "@gorhom/bottom-sheet": "^4",
      "@react-navigation/bottom-tabs": "^6.5.7",
      "@react-navigation/native": "^6.1.6",
      "@react-navigation/native-stack": "^6.9.12",
      "expo-blur": "~12.2.2",
      "react-native-gesture-handler": "~2.9.0",
      "react-native-reanimated": "~2.14.4",
      "react-native-safe-area-context": "4.5.0",
      "react-native-screens": "~3.20.0",
      "reanimated-masonry-list": "^1.0.1"
    },
    "devDependencies": {
      "@babel/core": "^7.20.0"
    },
    "private": true
  }

yarn manifest: 
  No manifest

Lockfile: 
  No lockfile
